<?xml version="1.0" encoding="UTF-8"?>
<!-- Generated by org.testng.reporters.JUnitXMLReporter -->
<testsuite ignored="0" hostname="LIN59017752" failures="0" tests="3" name="Default test" time="22.264" errors="0" timestamp="2021-07-21T18:27:08 IST">
  <testcase classname="com.auto.test.LoginTest" name="login" time="1.884"/>
  <testcase classname="com.auto.test.LoginTest" name="login" time="11.527"/>
  <testcase classname="com.auto.test.TestTwo" name="testTwo" time="0.002"/>
</testsuite> <!-- Default test -->
